<?xml version="1.0" encoding="UTF-8"?>
<robot generator="Robot 7.4.2 (Python 3.14.3 on win32)" generated="2026-03-24T09:40:55.872296" rpa="false" schemaversion="5">
<suite id="s1" name="AutomationRobot" source="C:\Users\willian.sassi\Documents\AutomationRobot">
<suite id="s1-s1" name="WebTesting" source="C:\Users\willian.sassi\Documents\AutomationRobot\WebTesting">
<suite id="s1-s1-s1" name="Amazon Testes Gherkin Bdd" source="C:\Users\willian.sassi\Documents\AutomationRobot\WebTesting\amazon_testes_gherkin_bdd.robot">
<test id="s1-s1-s1-t1" name="Caso de Teste 01 - Acesso ao menu &quot;Eletrônicos&quot;" line="10">
<kw name="Abrir o navegador" owner="amazon_resources" type="SETUP">
<kw name="Open Browser" owner="SeleniumLibrary">
<msg time="2026-03-24T09:40:56.131125" level="INFO">Opening browser 'chrome' to base url 'None'.</msg>
<arg>browser=chrome</arg>
<arg>options=add_experimental_option("detach", True)</arg>
<doc>Opens a new browser instance to the optional ``url``.</doc>
<status status="PASS" start="2026-03-24T09:40:56.130864" elapsed="3.053541"/>
</kw>
<kw name="Maximize Browser Window" owner="SeleniumLibrary">
<doc>Maximizes current browser window.</doc>
<status status="PASS" start="2026-03-24T09:40:59.185143" elapsed="0.035417"/>
</kw>
<status status="PASS" start="2026-03-24T09:40:56.130207" elapsed="3.090695"/>
</kw>
<kw name="Dado que estou na home page da Amazon.com.br" owner="amazon_resources">
<kw name="Acessar a home page do site Amazon.com.br" owner="amazon_resources">
<kw name="Go To" owner="SeleniumLibrary">
<msg time="2026-03-24T09:40:59.223281" level="INFO">Opening url 'https://www.amazon.com.br/'</msg>
<arg>url=${URL}</arg>
<doc>Navigates the current browser window to the provided ``url``.</doc>
<status status="PASS" start="2026-03-24T09:40:59.222821" elapsed="0.779216"/>
</kw>
<kw name="Wait Until Element Is Visible" owner="SeleniumLibrary">
<arg>locator=${MENU_ELETRONICOS}</arg>
<doc>Waits until the element ``locator`` is visible.</doc>
<status status="PASS" start="2026-03-24T09:41:00.002527" elapsed="1.805401"/>
</kw>
<status status="PASS" start="2026-03-24T09:40:59.222295" elapsed="2.586026"/>
</kw>
<kw name="- Verificar se o título da página fica &quot;Amazon.com.br | Tudo pra você, de A a Z.&quot;" owner="amazon_resources" source_name="- Verificar se o título da página fica &quot;${TITULO}&quot;">
<kw name="Title Should Be" owner="SeleniumLibrary">
<msg time="2026-03-24T09:41:01.817405" level="INFO">Page title is 'Amazon.com.br | Tudo pra você, de A a Z.'.</msg>
<arg>title=${TITULO}</arg>
<doc>Verifies that the current page title equals ``title``.</doc>
<status status="PASS" start="2026-03-24T09:41:01.809968" elapsed="0.008030"/>
</kw>
<status status="PASS" start="2026-03-24T09:41:01.808925" elapsed="0.009348"/>
</kw>
<status status="PASS" start="2026-03-24T09:40:59.221543" elapsed="2.596969"/>
</kw>
<kw name="Quando acessar o menu &quot;Eletrônicos&quot;" owner="amazon_resources">
<kw name="Entrar no menu &quot;Eletrônicos&quot;" owner="amazon_resources">
<kw name="Click Element" owner="SeleniumLibrary">
<msg time="2026-03-24T09:41:01.821446" level="INFO">Clicking element '(//a[contains(text(),'Eletrônicos')])[1]'.</msg>
<arg>locator=${MENU_ELETRONICOS}</arg>
<doc>Click the element identified by ``locator``.</doc>
<status status="PASS" start="2026-03-24T09:41:01.820474" elapsed="3.205257"/>
</kw>
<status status="PASS" start="2026-03-24T09:41:01.819816" elapsed="3.206174"/>
</kw>
<status status="PASS" start="2026-03-24T09:41:01.819068" elapsed="3.207049"/>
</kw>
<kw name="Então o título da página deve ficar &quot;Eletrônicos e Tecnologia | Amazon.com.br&quot;" owner="amazon_resources">
<kw name="- Verificar se o título da página fica &quot;Eletrônicos e Tecnologia | Amazon.com.br&quot;" owner="amazon_resources" source_name="- Verificar se o título da página fica &quot;${TITULO}&quot;">
<kw name="Title Should Be" owner="SeleniumLibrary">
<msg time="2026-03-24T09:41:05.032569" level="INFO">Page title is 'Eletrônicos e Tecnologia | Amazon.com.br'.</msg>
<arg>title=${TITULO}</arg>
<doc>Verifies that the current page title equals ``title``.</doc>
<status status="PASS" start="2026-03-24T09:41:05.028120" elapsed="0.005019"/>
</kw>
<status status="PASS" start="2026-03-24T09:41:05.027544" elapsed="0.005842"/>
</kw>
<status status="PASS" start="2026-03-24T09:41:05.026659" elapsed="0.006958"/>
</kw>
<kw name="E o texto &quot;Eletrônicos e Tecnologia&quot; deve ser exibido na página" owner="amazon_resources">
<kw name="- Verificar se aparece a frase &quot;Eletrônicos e Tecnologia&quot;" owner="amazon_resources" source_name="- Verificar se aparece a frase &quot;${FRASE}&quot;">
<kw name="Wait Until Page Contains" owner="SeleniumLibrary">
<arg>text=${FRASE}</arg>
<doc>Waits until ``text`` appears on the current page.</doc>
<status status="PASS" start="2026-03-24T09:41:05.035457" elapsed="0.027204"/>
</kw>
<kw name="Wait Until Element Is Visible" owner="SeleniumLibrary">
<arg>locator=${HEADER_ELETRONICOS}</arg>
<doc>Waits until the element ``locator`` is visible.</doc>
<status status="PASS" start="2026-03-24T09:41:05.062958" elapsed="0.021361"/>
</kw>
<status status="PASS" start="2026-03-24T09:41:05.034840" elapsed="0.049711"/>
</kw>
<status status="PASS" start="2026-03-24T09:41:05.034165" elapsed="0.050536"/>
</kw>
<kw name="E a categoria &quot;Computadores e Informática&quot; deve ser exibida na página" owner="amazon_resources">
<kw name="- Verificar se aparece a categoria &quot;TV e Cinema&quot;" owner="amazon_resources" source_name="- Verificar se aparece a categoria &quot;${NOME_CATEGORIA}&quot;">
<kw name="Element Should Be Visible" owner="SeleniumLibrary">
<msg time="2026-03-24T09:41:05.110449" level="INFO">Element '//span[@class='a-size-base-plus'][normalize-space()='TV e Cinema']' is displayed.</msg>
<arg>locator=//span[@class='a-size-base-plus'][normalize-space()='${NOME_CATEGORIA}']</arg>
<doc>Verifies that the element identified by ``locator`` is visible.</doc>
<status status="PASS" start="2026-03-24T09:41:05.086838" elapsed="0.023858"/>
</kw>
<status status="PASS" start="2026-03-24T09:41:05.086040" elapsed="0.024791"/>
</kw>
<status status="PASS" start="2026-03-24T09:41:05.085097" elapsed="0.025823"/>
</kw>
<kw name="Fechar o navegador" owner="amazon_resources" type="TEARDOWN">
<kw name="Capture Page Screenshot" owner="SeleniumLibrary">
<msg time="2026-03-24T09:41:05.276834" level="INFO" html="true">&lt;/td&gt;&lt;/tr&gt;&lt;tr&gt;&lt;td colspan="3"&gt;&lt;a href="selenium-screenshot-1.png"&gt;&lt;img src="selenium-screenshot-1.png" width="800px"&gt;&lt;/a&gt;</msg>
<doc>Takes a screenshot of the current page and embeds it into a log file.</doc>
<status status="PASS" start="2026-03-24T09:41:05.111694" elapsed="0.165827"/>
</kw>
<kw name="Close Browser" owner="SeleniumLibrary">
<doc>Closes the current browser.</doc>
<status status="PASS" start="2026-03-24T09:41:05.278055" elapsed="2.222243"/>
</kw>
<status status="PASS" start="2026-03-24T09:41:05.111370" elapsed="2.389293"/>
</kw>
<doc>Esse teste verifica o menu eletrônicos do site da Amazon.com.br
 e verifica a categoria computadores e informática</doc>
<tag>categorias</tag>
<tag>menus</tag>
<status status="PASS" start="2026-03-24T09:40:56.126726" elapsed="11.374521"/>
</test>
<test id="s1-s1-s1-t2" name="Caso de Teste 02 - Pesquisa de um Produto" line="20">
<kw name="Abrir o navegador" owner="amazon_resources" type="SETUP">
<kw name="Open Browser" owner="SeleniumLibrary">
<msg time="2026-03-24T09:41:07.511110" level="INFO">Opening browser 'chrome' to base url 'None'.</msg>
<arg>browser=chrome</arg>
<arg>options=add_experimental_option("detach", True)</arg>
<doc>Opens a new browser instance to the optional ``url``.</doc>
<status status="PASS" start="2026-03-24T09:41:07.510917" elapsed="1.242812"/>
</kw>
<kw name="Maximize Browser Window" owner="SeleniumLibrary">
<doc>Maximizes current browser window.</doc>
<status status="PASS" start="2026-03-24T09:41:08.754174" elapsed="0.044236"/>
</kw>
<status status="PASS" start="2026-03-24T09:41:07.510623" elapsed="1.287958"/>
</kw>
<kw name="Dado que estou na home page da Amazon.com.br" owner="amazon_resources">
<kw name="Acessar a home page do site Amazon.com.br" owner="amazon_resources">
<kw name="Go To" owner="SeleniumLibrary">
<msg time="2026-03-24T09:41:08.799917" level="INFO">Opening url 'https://www.amazon.com.br/'</msg>
<arg>url=${URL}</arg>
<doc>Navigates the current browser window to the provided ``url``.</doc>
<status status="PASS" start="2026-03-24T09:41:08.799731" elapsed="0.722310"/>
</kw>
<kw name="Wait Until Element Is Visible" owner="SeleniumLibrary">
<arg>locator=${MENU_ELETRONICOS}</arg>
<doc>Waits until the element ``locator`` is visible.</doc>
<status status="PASS" start="2026-03-24T09:41:09.522805" elapsed="1.660293"/>
</kw>
<status status="PASS" start="2026-03-24T09:41:08.799491" elapsed="2.383960"/>
</kw>
<kw name="- Verificar se o título da página fica &quot;Amazon.com.br | Tudo pra você, de A a Z.&quot;" owner="amazon_resources" source_name="- Verificar se o título da página fica &quot;${TITULO}&quot;">
<kw name="Title Should Be" owner="SeleniumLibrary">
<msg time="2026-03-24T09:41:11.198403" level="INFO">Page title is 'Amazon.com.br | Tudo pra você, de A a Z.'.</msg>
<arg>title=${TITULO}</arg>
<doc>Verifies that the current page title equals ``title``.</doc>
<status status="PASS" start="2026-03-24T09:41:11.184551" elapsed="0.014458"/>
</kw>
<status status="PASS" start="2026-03-24T09:41:11.183855" elapsed="0.015359"/>
</kw>
<status status="PASS" start="2026-03-24T09:41:08.799027" elapsed="2.400362"/>
</kw>
<kw name="Quando pesquisar pelo produto &quot;Xbox Series S&quot;" owner="amazon_resources">
<kw name="Digitar o nome de produto &quot;Xbox Series S&quot; no campo de pesquisa" owner="amazon_resources" source_name="Digitar o nome de produto &quot;${PRODUCT}&quot; no campo de pesquisa">
<kw name="Input Text" owner="SeleniumLibrary">
<msg time="2026-03-24T09:41:11.201166" level="INFO">Typing text 'Xbox Series S' into text field '(//input[@id='twotabsearchtextbox'])[1]'.</msg>
<arg>locator=${GLOBAL_SEARCH}</arg>
<arg>text=${PRODUCT}</arg>
<doc>Types the given ``text`` into the text field identified by ``locator``.</doc>
<status status="PASS" start="2026-03-24T09:41:11.200739" elapsed="0.267005"/>
</kw>
<status status="PASS" start="2026-03-24T09:41:11.200333" elapsed="0.267750"/>
</kw>
<status status="PASS" start="2026-03-24T09:41:11.199804" elapsed="0.268560"/>
</kw>
<kw name="Então o título da página deve ficar &quot;Amazon.com.br : Xbox Series S&quot;" owner="amazon_resources">
<kw name=" Clicar no botão de pesquisa" owner="amazon_resources">
<kw name="Click Element" owner="SeleniumLibrary">
<msg time="2026-03-24T09:41:11.470713" level="INFO">Clicking element '//input[@id='nav-search-submit-button']'.</msg>
<arg>locator=${SEARCH}</arg>
<doc>Click the element identified by ``locator``.</doc>
<status status="PASS" start="2026-03-24T09:41:11.469999" elapsed="1.654841"/>
</kw>
<status status="PASS" start="2026-03-24T09:41:11.469510" elapsed="1.655591"/>
</kw>
<status status="PASS" start="2026-03-24T09:41:11.468970" elapsed="1.656242"/>
</kw>
<kw name="E um produto da linha &quot;Xbox Series S&quot; deve ser mostrado na página" owner="amazon_resources">
<kw name="Verificar o resultado da pesquisa, se está listando o produto &quot;Xbox Series S&quot;" owner="amazon_resources" source_name=" Verificar o resultado da pesquisa, se está listando o produto &quot;${PRODUCT}&quot;">
<kw name="Wait Until Element Is Visible" owner="SeleniumLibrary">
<arg>locator=(//span[contains(text(),'${PRODUCT}')])[1]</arg>
<doc>Waits until the element ``locator`` is visible.</doc>
<status status="PASS" start="2026-03-24T09:41:13.126870" elapsed="0.018960"/>
</kw>
<status status="PASS" start="2026-03-24T09:41:13.126460" elapsed="0.019606"/>
</kw>
<status status="PASS" start="2026-03-24T09:41:13.125759" elapsed="0.020459"/>
</kw>
<kw name="Fechar o navegador" owner="amazon_resources" type="TEARDOWN">
<kw name="Capture Page Screenshot" owner="SeleniumLibrary">
<msg time="2026-03-24T09:41:13.342533" level="INFO" html="true">&lt;/td&gt;&lt;/tr&gt;&lt;tr&gt;&lt;td colspan="3"&gt;&lt;a href="selenium-screenshot-2.png"&gt;&lt;img src="selenium-screenshot-2.png" width="800px"&gt;&lt;/a&gt;</msg>
<doc>Takes a screenshot of the current page and embeds it into a log file.</doc>
<status status="PASS" start="2026-03-24T09:41:13.147361" elapsed="0.195937"/>
</kw>
<kw name="Close Browser" owner="SeleniumLibrary">
<doc>Closes the current browser.</doc>
<status status="PASS" start="2026-03-24T09:41:13.343509" elapsed="2.243656"/>
</kw>
<status status="PASS" start="2026-03-24T09:41:13.146776" elapsed="2.440568"/>
</kw>
<doc>Esse teste verifica a busca de um produto</doc>
<tag>busca_produtos</tag>
<tag>lista_busca</tag>
<status status="PASS" start="2026-03-24T09:41:07.508185" elapsed="8.079495"/>
</test>
<doc>Essa suite testa o site da Amazon.com.br</doc>
<status status="PASS" start="2026-03-24T09:40:55.926915" elapsed="19.665402"/>
</suite>
<status status="PASS" start="2026-03-24T09:40:55.922647" elapsed="19.673754"/>
</suite>
<status status="PASS" start="2026-03-24T09:40:55.880785" elapsed="19.719412"/>
</suite>
<statistics>
<total>
<stat pass="2" fail="0" skip="0">All Tests</stat>
</total>
<tag>
<stat pass="1" fail="0" skip="0">busca_produtos</stat>
<stat pass="1" fail="0" skip="0">categorias</stat>
<stat pass="1" fail="0" skip="0">lista_busca</stat>
<stat pass="1" fail="0" skip="0">menus</stat>
</tag>
<suite>
<stat name="AutomationRobot" id="s1" pass="2" fail="0" skip="0">AutomationRobot</stat>
<stat name="WebTesting" id="s1-s1" pass="2" fail="0" skip="0">AutomationRobot.WebTesting</stat>
<stat name="Amazon Testes Gherkin Bdd" id="s1-s1-s1" pass="2" fail="0" skip="0">AutomationRobot.WebTesting.Amazon Testes Gherkin Bdd</stat>
</suite>
</statistics>
<errors>
</errors>
</robot>
