<?xml version="1.0" encoding="UTF-8"?>
<robot generator="Robot 7.4.2 (Python 3.14.3 on win32)" generated="2026-03-22T23:10:41.724225" rpa="false" schemaversion="5">
<suite id="s1" name="Amazon Testes" source="C:\Users\willian.sassi\Documents\AutomationRobot\WebTesting\amazon_testes.robot">
<test id="s1-t1" name="Caso de Teste 01 - Acesso ao menu &quot;Eletrônicos&quot;" line="10">
<kw name="Abrir o navegador" owner="amazon_resources" type="SETUP">
<kw name="Open Browser" owner="SeleniumLibrary">
<msg time="2026-03-22T23:10:41.956600" level="INFO">Opening browser 'chrome' to base url 'None'.</msg>
<arg>browser=chrome</arg>
<arg>options=add_experimental_option("detach", True)</arg>
<doc>Opens a new browser instance to the optional ``url``.</doc>
<status status="PASS" start="2026-03-22T23:10:41.956356" elapsed="1.277734"/>
</kw>
<kw name="Maximize Browser Window" owner="SeleniumLibrary">
<doc>Maximizes current browser window.</doc>
<status status="PASS" start="2026-03-22T23:10:43.234517" elapsed="0.048238"/>
</kw>
<status status="PASS" start="2026-03-22T23:10:41.955673" elapsed="1.327286"/>
</kw>
<kw name="Acessar a home page do site Amazon.com.br" owner="amazon_resources">
<kw name="Go To" owner="SeleniumLibrary">
<msg time="2026-03-22T23:10:43.284308" level="INFO">Opening url 'https://www.amazon.com.br/'</msg>
<arg>url=${URL}</arg>
<doc>Navigates the current browser window to the provided ``url``.</doc>
<status status="PASS" start="2026-03-22T23:10:43.284076" elapsed="1.648042"/>
</kw>
<kw name="Wait Until Element Is Visible" owner="SeleniumLibrary">
<arg>locator=${MENU_ELETRONICOS}</arg>
<doc>Waits until the element ``locator`` is visible.</doc>
<status status="PASS" start="2026-03-22T23:10:44.932758" elapsed="9.062729"/>
</kw>
<status status="PASS" start="2026-03-22T23:10:43.283611" elapsed="10.712156"/>
</kw>
<kw name="- Verificar se o título da página fica &quot;Amazon.com.br | Tudo pra você, de A a Z.&quot;" owner="amazon_resources" source_name="- Verificar se o título da página fica &quot;${TITULO}&quot;">
<kw name="Title Should Be" owner="SeleniumLibrary">
<msg time="2026-03-22T23:10:54.063111" level="INFO">Page title is 'Amazon.com.br | Tudo pra você, de A a Z.'.</msg>
<arg>title=${TITULO}</arg>
<doc>Verifies that the current page title equals ``title``.</doc>
<status status="PASS" start="2026-03-22T23:10:53.997676" elapsed="0.065570"/>
</kw>
<status status="PASS" start="2026-03-22T23:10:53.996926" elapsed="0.066446"/>
</kw>
<kw name="Entrar no menu &quot;Eletrônicos&quot;" owner="amazon_resources">
<kw name="Click Element" owner="SeleniumLibrary">
<msg time="2026-03-22T23:10:54.064673" level="INFO">Clicking element '(//a[contains(text(),'Eletrônicos')])[1]'.</msg>
<arg>locator=${MENU_ELETRONICOS}</arg>
<doc>Click the element identified by ``locator``.</doc>
<status status="PASS" start="2026-03-22T23:10:54.064364" elapsed="6.727229"/>
</kw>
<status status="PASS" start="2026-03-22T23:10:54.063955" elapsed="6.728083"/>
</kw>
<kw name="- Verificar se aparece a frase &quot;Eletrônicos e Tecnologia&quot;" owner="amazon_resources" source_name="- Verificar se aparece a frase &quot;${FRASE}&quot;">
<kw name="Wait Until Page Contains" owner="SeleniumLibrary">
<arg>text=${FRASE}</arg>
<doc>Waits until ``text`` appears on the current page.</doc>
<status status="PASS" start="2026-03-22T23:11:00.803571" elapsed="0.055361"/>
</kw>
<kw name="Wait Until Element Is Visible" owner="SeleniumLibrary">
<arg>locator=${HEADER_ELETRONICOS}</arg>
<doc>Waits until the element ``locator`` is visible.</doc>
<status status="PASS" start="2026-03-22T23:11:00.859354" elapsed="0.052877"/>
</kw>
<status status="PASS" start="2026-03-22T23:11:00.793082" elapsed="0.119405"/>
</kw>
<kw name="- Verificar se o título da página fica &quot;Eletrônicos e Tecnologia | Amazon.com.br&quot;" owner="amazon_resources" source_name="- Verificar se o título da página fica &quot;${TITULO}&quot;">
<kw name="Title Should Be" owner="SeleniumLibrary">
<msg time="2026-03-22T23:11:00.927370" level="INFO">Page title is 'Eletrônicos e Tecnologia | Amazon.com.br'.</msg>
<arg>title=${TITULO}</arg>
<doc>Verifies that the current page title equals ``title``.</doc>
<status status="PASS" start="2026-03-22T23:11:00.914105" elapsed="0.013472"/>
</kw>
<status status="PASS" start="2026-03-22T23:11:00.913421" elapsed="0.014353"/>
</kw>
<kw name="- Verificar se aparece a categoria &quot;Computadores e Informática&quot;" owner="amazon_resources" source_name="- Verificar se aparece a categoria &quot;${NOME_CATEGORIA}&quot;">
<kw name="Element Should Be Visible" owner="SeleniumLibrary">
<msg time="2026-03-22T23:11:00.973636" level="INFO">Element '//span[@class='a-size-base-plus'][normalize-space()='Computadores e Informática']' is displayed.</msg>
<arg>locator=//span[@class='a-size-base-plus'][normalize-space()='${NOME_CATEGORIA}']</arg>
<doc>Verifies that the element identified by ``locator`` is visible.</doc>
<status status="PASS" start="2026-03-22T23:11:00.929718" elapsed="0.044228"/>
</kw>
<status status="PASS" start="2026-03-22T23:11:00.928982" elapsed="0.045155"/>
</kw>
<kw name="- Verificar se aparece a categoria &quot;TV e Cinema&quot;" owner="amazon_resources" source_name="- Verificar se aparece a categoria &quot;${NOME_CATEGORIA}&quot;">
<kw name="Element Should Be Visible" owner="SeleniumLibrary">
<msg time="2026-03-22T23:11:01.024692" level="INFO">Element '//span[@class='a-size-base-plus'][normalize-space()='TV e Cinema']' is displayed.</msg>
<arg>locator=//span[@class='a-size-base-plus'][normalize-space()='${NOME_CATEGORIA}']</arg>
<doc>Verifies that the element identified by ``locator`` is visible.</doc>
<status status="PASS" start="2026-03-22T23:11:00.975528" elapsed="0.049400"/>
</kw>
<status status="PASS" start="2026-03-22T23:11:00.975035" elapsed="0.050131"/>
</kw>
<kw name="Fechar o navegador" owner="amazon_resources" type="TEARDOWN">
<kw name="Capture Page Screenshot" owner="SeleniumLibrary">
<msg time="2026-03-22T23:11:01.212611" level="INFO" html="true">&lt;/td&gt;&lt;/tr&gt;&lt;tr&gt;&lt;td colspan="3"&gt;&lt;a href="selenium-screenshot-1.png"&gt;&lt;img src="selenium-screenshot-1.png" width="800px"&gt;&lt;/a&gt;</msg>
<doc>Takes a screenshot of the current page and embeds it into a log file.</doc>
<status status="PASS" start="2026-03-22T23:11:01.027147" elapsed="0.185721"/>
</kw>
<kw name="Close Browser" owner="SeleniumLibrary">
<doc>Closes the current browser.</doc>
<status status="PASS" start="2026-03-22T23:11:01.213268" elapsed="2.190775"/>
</kw>
<status status="PASS" start="2026-03-22T23:11:01.026439" elapsed="2.377936"/>
</kw>
<doc>Esse teste verifica o menu eletrônicos do site da Amazon.com.br
e verifica a categoria computadores e informática</doc>
<tag>categorias</tag>
<tag>menus</tag>
<status status="PASS" start="2026-03-22T23:10:41.954422" elapsed="21.450717"/>
</test>
<test id="s1-t2" name=" Caso de Teste 02 - Pesquisa de um Produto" line="23">
<kw name="Abrir o navegador" owner="amazon_resources" type="SETUP">
<kw name="Open Browser" owner="SeleniumLibrary">
<msg time="2026-03-22T23:11:03.408733" level="INFO">Opening browser 'chrome' to base url 'None'.</msg>
<arg>browser=chrome</arg>
<arg>options=add_experimental_option("detach", True)</arg>
<doc>Opens a new browser instance to the optional ``url``.</doc>
<status status="PASS" start="2026-03-22T23:11:03.408284" elapsed="1.608747"/>
</kw>
<kw name="Maximize Browser Window" owner="SeleniumLibrary">
<doc>Maximizes current browser window.</doc>
<status status="PASS" start="2026-03-22T23:11:05.017291" elapsed="0.036811"/>
</kw>
<status status="PASS" start="2026-03-22T23:11:03.407579" elapsed="1.646758"/>
</kw>
<kw name="Acessar a home page do site Amazon.com.br" owner="amazon_resources">
<kw name="Go To" owner="SeleniumLibrary">
<msg time="2026-03-22T23:11:05.056037" level="INFO">Opening url 'https://www.amazon.com.br/'</msg>
<arg>url=${URL}</arg>
<doc>Navigates the current browser window to the provided ``url``.</doc>
<status status="PASS" start="2026-03-22T23:11:05.055688" elapsed="5.228540"/>
</kw>
<kw name="Wait Until Element Is Visible" owner="SeleniumLibrary">
<arg>locator=${MENU_ELETRONICOS}</arg>
<doc>Waits until the element ``locator`` is visible.</doc>
<status status="PASS" start="2026-03-22T23:11:10.284680" elapsed="0.129448"/>
</kw>
<status status="PASS" start="2026-03-22T23:11:05.055131" elapsed="5.359249"/>
</kw>
<kw name="Digitar o nome de produto &quot;Xbox Series S&quot; no campo de pesquisa" owner="amazon_resources" source_name="Digitar o nome de produto &quot;${PRODUCT}&quot; no campo de pesquisa">
<kw name="Input Text" owner="SeleniumLibrary">
<msg time="2026-03-22T23:11:10.416497" level="INFO">Typing text 'Xbox Series S' into text field '(//input[@id='twotabsearchtextbox'])[1]'.</msg>
<arg>locator=${GLOBAL_SEARCH}</arg>
<arg>text=${PRODUCT}</arg>
<doc>Types the given ``text`` into the text field identified by ``locator``.</doc>
<status status="PASS" start="2026-03-22T23:11:10.415888" elapsed="0.294310"/>
</kw>
<status status="PASS" start="2026-03-22T23:11:10.415224" elapsed="0.295227"/>
</kw>
<kw name=" Clicar no botão de pesquisa" owner="amazon_resources">
<kw name="Click Element" owner="SeleniumLibrary">
<msg time="2026-03-22T23:11:10.712197" level="INFO">Clicking element '//input[@id='nav-search-submit-button']'.</msg>
<arg>locator=${SEARCH}</arg>
<doc>Click the element identified by ``locator``.</doc>
<status status="PASS" start="2026-03-22T23:11:10.711713" elapsed="3.198615"/>
</kw>
<status status="PASS" start="2026-03-22T23:11:10.711089" elapsed="3.199495"/>
</kw>
<kw name="Verificar o resultado da pesquisa, se está listando o produto &quot;Xbox Series S&quot;" owner="amazon_resources" source_name=" Verificar o resultado da pesquisa, se está listando o produto &quot;${PRODUCT}&quot;">
<kw name="Wait Until Element Is Visible" owner="SeleniumLibrary">
<arg>locator=(//span[contains(text(),'${PRODUCT}')])[1]</arg>
<doc>Waits until the element ``locator`` is visible.</doc>
<status status="PASS" start="2026-03-22T23:11:13.912388" elapsed="0.046719"/>
</kw>
<status status="PASS" start="2026-03-22T23:11:13.911605" elapsed="0.047750"/>
</kw>
<kw name="Fechar o navegador" owner="amazon_resources" type="TEARDOWN">
<kw name="Capture Page Screenshot" owner="SeleniumLibrary">
<msg time="2026-03-22T23:11:14.197248" level="INFO" html="true">&lt;/td&gt;&lt;/tr&gt;&lt;tr&gt;&lt;td colspan="3"&gt;&lt;a href="selenium-screenshot-2.png"&gt;&lt;img src="selenium-screenshot-2.png" width="800px"&gt;&lt;/a&gt;</msg>
<doc>Takes a screenshot of the current page and embeds it into a log file.</doc>
<status status="PASS" start="2026-03-22T23:11:13.961065" elapsed="0.236637"/>
</kw>
<kw name="Close Browser" owner="SeleniumLibrary">
<doc>Closes the current browser.</doc>
<status status="PASS" start="2026-03-22T23:11:14.198313" elapsed="2.192737"/>
</kw>
<status status="PASS" start="2026-03-22T23:11:13.960365" elapsed="2.431076"/>
</kw>
<doc>Esse teste verifica a busca de um produto</doc>
<tag>busca_produtos</tag>
<tag>lista_busca</tag>
<status status="PASS" start="2026-03-22T23:11:03.406376" elapsed="12.985554"/>
</test>
<doc>Essa suite testa o site da Amazon.com.br</doc>
<status status="PASS" start="2026-03-22T23:10:41.725683" elapsed="34.667974"/>
</suite>
<statistics>
<total>
<stat pass="2" fail="0" skip="0">All Tests</stat>
</total>
<tag>
<stat pass="1" fail="0" skip="0">busca_produtos</stat>
<stat pass="1" fail="0" skip="0">categorias</stat>
<stat pass="1" fail="0" skip="0">lista_busca</stat>
<stat pass="1" fail="0" skip="0">menus</stat>
</tag>
<suite>
<stat name="Amazon Testes" id="s1" pass="2" fail="0" skip="0">Amazon Testes</stat>
</suite>
</statistics>
<errors>
</errors>
</robot>
